2016-06-01T20:34:50.595Z - info: Server up and running on port 8080!
2016-06-01T20:35:14.747Z - info: ### New JOOGL interface request
2016-06-01T20:35:14.749Z - info: ### #### {"user_agent":"aquornstudio","toggl_token":"123","toggl_workspace_id":"123","jira_username":"egupta","jira_password":"Reg.3354","jira_due_date_start":"2016-05-24","jira_due_date_end":"2016-05-31"}
2016-06-01T20:35:14.750Z - info: ### ### ### Validating request!
2016-06-01T20:35:14.751Z - info: ### ### ### Fetching information from Toggl.
2016-06-01T20:35:15.030Z - info: ### ### ### ### Toggl data fetch page 2
2016-06-01T20:35:15.180Z - info: ### ### ### ### Toggl data fetch page 3
2016-06-01T20:35:15.282Z - info: ### ### ### ### Toggl data fetch complete.
2016-06-01T20:35:15.282Z - info: ### ### ### ### ### Fetching information from JIRA.
2016-06-01T20:35:15.282Z - info: ### ### ### ### ### Querying JIRA on - /sr/jira.issueviews:searchrequest-xml/temp/SearchRequest.xml?jqlQuery='Initial+Due+Date'+>=+2016-05-24+AND+'Initial+Due+Date'+<=+2016-05-31&tempMax=1000&os_username=egupta&os_password=Reg.3354
2016-06-01T20:35:15.695Z - info: ### ### ### ### ### ### JIRA data fetch complete.
2016-06-01T20:35:15.705Z - error: uncaughtException: Unexpected close tag
Line: 0
Column: 1184
Char: > date=Wed Jun 01 2016 16:35:15 GMT-0400 (EDT), pid=32725, uid=501, gid=20, cwd=/Users/ekansh_gupta/JetBrains/Node/JOGGL, execPath=/usr/local/bin/node, version=v4.4.5, argv=[/usr/local/bin/node, /Users/ekansh_gupta/JetBrains/Node/JOGGL/server.js], rss=30543872, heapTotal=14653536, heapUsed=13555696, loadavg=[2.6630859375, 2.66796875, 2.48828125], uptime=582414, trace=[column=10, file=/Users/ekansh_gupta/JetBrains/Node/JOGGL/node_modules/xmldoc/node_modules/sax/lib/sax.js, function=error, line=666, method=null, native=false, column=7, file=/Users/ekansh_gupta/JetBrains/Node/JOGGL/node_modules/xmldoc/node_modules/sax/lib/sax.js, function=strictFail, line=692, method=null, native=false, column=9, file=/Users/ekansh_gupta/JetBrains/Node/JOGGL/node_modules/xmldoc/node_modules/sax/lib/sax.js, function=closeTag, line=885, method=null, native=false, column=13, file=/Users/ekansh_gupta/JetBrains/Node/JOGGL/node_modules/xmldoc/node_modules/sax/lib/sax.js, function=Object.write, line=1447, method=write, native=false, column=15, file=/Users/ekansh_gupta/JetBrains/Node/JOGGL/node_modules/xmldoc/lib/xmldoc.js, function=new XmlDocument, line=206, method=null, native=false, column=32, file=/Users/ekansh_gupta/JetBrains/Node/JOGGL/app/routes.js, function=, line=254, method=null, native=false, column=20, file=events.js, function=emitNone, line=72, method=null, native=false, column=7, file=events.js, function=IncomingMessage.emit, line=166, method=emit, native=false, column=12, file=_stream_readable.js, function=endReadableNT, line=913, method=null, native=false, column=9, file=node.js, function=nextTickCallbackWith2Args, line=442, method=null, native=false], stack=[Error: Unexpected close tag, Line: 0, Column: 1184, Char: >,     at error (/Users/ekansh_gupta/JetBrains/Node/JOGGL/node_modules/xmldoc/node_modules/sax/lib/sax.js:666:10),     at strictFail (/Users/ekansh_gupta/JetBrains/Node/JOGGL/node_modules/xmldoc/node_modules/sax/lib/sax.js:692:7),     at closeTag (/Users/ekansh_gupta/JetBrains/Node/JOGGL/node_modules/xmldoc/node_modules/sax/lib/sax.js:885:9),     at Object.write (/Users/ekansh_gupta/JetBrains/Node/JOGGL/node_modules/xmldoc/node_modules/sax/lib/sax.js:1447:13),     at new XmlDocument (/Users/ekansh_gupta/JetBrains/Node/JOGGL/node_modules/xmldoc/lib/xmldoc.js:206:15),     at IncomingMessage.<anonymous> (/Users/ekansh_gupta/JetBrains/Node/JOGGL/app/routes.js:254:32),     at emitNone (events.js:72:20),     at IncomingMessage.emit (events.js:166:7),     at endReadableNT (_stream_readable.js:913:12),     at nextTickCallbackWith2Args (node.js:442:9)]
2016-06-01T20:37:29.773Z - info: Server up and running on port 8080!
2016-06-01T20:37:31.985Z - info: ### New JOOGL interface request
2016-06-01T20:37:31.985Z - info: ### #### {"user_agent":"aquornstudio","toggl_token":"123","toggl_workspace_id":"123","jira_username":"egupta","jira_password":"madman3354","jira_due_date_start":"2016-05-24","jira_due_date_end":"2016-05-31"}
2016-06-01T20:37:31.985Z - info: ### ### ### Validating request!
2016-06-01T20:37:31.986Z - info: ### ### ### Fetching information from Toggl.
2016-06-01T20:37:32.309Z - info: ### ### ### ### Toggl data fetch page 2
2016-06-01T20:37:32.528Z - info: ### ### ### ### Toggl data fetch page 3
2016-06-01T20:37:32.688Z - info: ### ### ### ### Toggl data fetch complete.
2016-06-01T20:37:32.689Z - info: ### ### ### ### ### Fetching information from JIRA.
2016-06-01T20:37:32.689Z - info: ### ### ### ### ### Querying JIRA on - /sr/jira.issueviews:searchrequest-xml/temp/SearchRequest.xml?jqlQuery='Initial+Due+Date'+>=+2016-05-24+AND+'Initial+Due+Date'+<=+2016-05-31&tempMax=1000&os_username=egupta&os_password=madman3354
2016-06-01T20:37:33.928Z - info: ### ### ### ### ### ### JIRA data fetch complete.
2016-06-01T20:37:33.997Z - info: ### ### ### ### ### ### ### JOGGLing data.
2016-06-01T20:37:33.998Z - info: ### ### ### ### ### ### ### ### Creating JIRA data key index.
2016-06-01T20:37:33.998Z - info: ### ### ### ### ### ### ### ### ### Mapping JIRA and Toggl data.
2016-06-01T20:37:34.007Z - error: uncaughtException: Cannot read property 'attr' of undefined date=Wed Jun 01 2016 16:37:34 GMT-0400 (EDT), pid=32732, uid=501, gid=20, cwd=/Users/ekansh_gupta/JetBrains/Node/JOGGL, execPath=/usr/local/bin/node, version=v4.4.5, argv=[/usr/local/bin/node, /Users/ekansh_gupta/JetBrains/Node/JOGGL/server.js], rss=50917376, heapTotal=32151136, heapUsed=17644728, loadavg=[2.6533203125, 2.68603515625, 2.51953125], uptime=582553, trace=[column=88, file=/Users/ekansh_gupta/JetBrains/Node/JOGGL/app/routes.js, function=, line=303, method=null, native=false, column=20, file=events.js, function=emitNone, line=72, method=null, native=false, column=7, file=events.js, function=IncomingMessage.emit, line=166, method=emit, native=false, column=12, file=_stream_readable.js, function=endReadableNT, line=913, method=null, native=false, column=9, file=node.js, function=nextTickCallbackWith2Args, line=442, method=null, native=false, column=17, file=node.js, function=process._tickCallback, line=356, method=_tickCallback, native=false], stack=[TypeError: Cannot read property 'attr' of undefined,     at IncomingMessage.<anonymous> (/Users/ekansh_gupta/JetBrains/Node/JOGGL/app/routes.js:303:88),     at emitNone (events.js:72:20),     at IncomingMessage.emit (events.js:166:7),     at endReadableNT (_stream_readable.js:913:12),     at nextTickCallbackWith2Args (node.js:442:9),     at process._tickCallback (node.js:356:17)]
2016-06-01T20:43:07.685Z - info: Server up and running on port 8080!
2016-06-01T20:43:24.392Z - info: ### New JOOGL interface request
2016-06-01T20:43:24.393Z - info: ### #### {"user_agent":"aquornstudio","toggl_token":"123","toggl_workspace_id":"123","jira_username":"egupta","jira_password":"madman3354","jira_due_date_start":"2016-05-24","jira_due_date_end":"2016-05-31"}
2016-06-01T20:43:24.395Z - info: ### ### ### Validating request!
2016-06-01T20:43:24.397Z - info: ### ### ### Fetching information from Toggl.
2016-06-01T20:43:24.712Z - info: ### ### ### ### Toggl data fetch page 2
2016-06-01T20:43:24.928Z - info: ### ### ### ### Toggl data fetch page 3
2016-06-01T20:43:25.109Z - info: ### ### ### ### Toggl data fetch complete.
2016-06-01T20:43:25.109Z - info: ### ### ### ### ### Fetching information from JIRA.
2016-06-01T20:43:25.109Z - info: ### ### ### ### ### Querying JIRA on - /sr/jira.issueviews:searchrequest-xml/temp/SearchRequest.xml?jqlQuery='Initial+Due+Date'+>=+2016-05-24+AND+'Initial+Due+Date'+<=+2016-05-31&tempMax=1000&os_username=egupta&os_password=madman3354
2016-06-01T20:43:26.137Z - info: ### ### ### ### ### ### JIRA data fetch complete.
2016-06-01T20:43:26.240Z - info: ### ### ### ### ### ### ### JOGGLing data.
2016-06-01T20:43:26.241Z - info: ### ### ### ### ### ### ### ### Creating JIRA data key index.
2016-06-01T20:43:26.241Z - info: ### ### ### ### ### ### ### ### ### Mapping JIRA and Toggl data.
2016-06-01T20:43:26.253Z - info: ### ### ### ### ### ### ### ### ### ### JOGGLing Complete, sending data!
2016-06-01T20:43:26.253Z - info: ### ### ### ### ### ### ### ### ### ### ### ### ### ### ### ### ### ### ###
2016-06-01T21:00:14.515Z - info: Server up and running on port 8080!
2016-06-01T21:01:40.595Z - info: ### New JOOGL interface request
2016-06-01T21:01:40.596Z - info: ### #### {"user_agent":"aquornstudio","toggl_token":"123","toggl_workspace_id":"123","jira_username":"egupta","jira_password":"madman3354","jira_due_date_start":"2016-05-24","jira_due_date_end":"2016-05-31"}
2016-06-01T21:01:40.597Z - info: ### ### ### Validating request!
2016-06-01T21:01:40.599Z - info: ### ### ### Fetching information from Toggl.
2016-06-01T21:01:40.908Z - info: ### ### ### ### Toggl data fetch page 2
2016-06-01T21:01:41.141Z - info: ### ### ### ### Toggl data fetch page 3
2016-06-01T21:01:41.318Z - info: ### ### ### ### Toggl data fetch complete.
2016-06-01T21:01:41.318Z - info: ### ### ### ### ### Fetching information from JIRA.
2016-06-01T21:01:41.318Z - info: ### ### ### ### ### Querying JIRA on - /sr/jira.issueviews:searchrequest-xml/temp/SearchRequest.xml?jqlQuery='Initial+Due+Date'+>=+2016-05-24+AND+'Initial+Due+Date'+<=+2016-05-31&tempMax=1000&os_username=egupta&os_password=madman3354
2016-06-01T21:01:42.622Z - info: ### ### ### ### ### ### JIRA data fetch complete.
2016-06-01T21:01:42.719Z - info: ### ### ### ### ### ### ### JOGGLing data.
2016-06-01T21:01:42.719Z - info: ### ### ### ### ### ### ### ### Creating JIRA data key index.
2016-06-01T21:01:42.720Z - info: ### ### ### ### ### ### ### ### ### Mapping JIRA and Toggl data.
2016-06-01T21:01:42.727Z - info: ### ### ### ### ### ### ### ### ### ### JOGGLing Complete, sending data!
2016-06-01T21:01:42.727Z - info: ### ### ### ### ### ### ### ### ### ### ### ### ### ### ### ### ### ### ###
2016-06-01T21:02:22.533Z - info: ### New JOOGL interface request
2016-06-01T21:02:22.535Z - info: ### #### {"user_agent":"aquornstudio","toggl_token":"123","toggl_workspace_id":"123","jira_username":"egupta","jira_password":"madman3354","jira_due_date_start":"2016-05-24","jira_due_date_end":"2016-05-31"}
2016-06-01T21:02:22.535Z - info: ### ### ### Validating request!
2016-06-01T21:02:22.535Z - info: ### ### ### Fetching information from Toggl.
2016-06-01T21:02:22.754Z - info: ### ### ### ### Toggl data fetch page 2
2016-06-01T21:02:23.006Z - info: ### ### ### ### Toggl data fetch page 3
2016-06-01T21:02:23.160Z - info: ### ### ### ### Toggl data fetch complete.
2016-06-01T21:02:23.161Z - info: ### ### ### ### ### Fetching information from JIRA.
2016-06-01T21:02:23.161Z - info: ### ### ### ### ### Querying JIRA on - /sr/jira.issueviews:searchrequest-xml/temp/SearchRequest.xml?jqlQuery='Initial+Due+Date'+>=+2016-05-24+AND+'Initial+Due+Date'+<=+2016-05-31&tempMax=1000&os_username=egupta&os_password=madman3354
2016-06-01T21:02:24.078Z - info: ### ### ### ### ### ### JIRA data fetch complete.
2016-06-01T21:02:24.153Z - info: ### ### ### ### ### ### ### JOGGLing data.
2016-06-01T21:02:24.153Z - info: ### ### ### ### ### ### ### ### Creating JIRA data key index.
2016-06-01T21:02:24.153Z - info: ### ### ### ### ### ### ### ### ### Mapping JIRA and Toggl data.
2016-06-01T21:02:24.156Z - info: ### ### ### ### ### ### ### ### ### ### JOGGLing Complete, sending data!
2016-06-01T21:02:24.156Z - info: ### ### ### ### ### ### ### ### ### ### ### ### ### ### ### ### ### ### ###
2016-06-01T21:03:10.188Z - info: ### New JOOGL interface request
2016-06-01T21:03:10.189Z - info: ### #### {}
2016-06-01T21:03:10.189Z - info: ### ### ### Validating request!
2016-06-01T21:03:10.189Z - error: ### ### ### Validation failed!
2016-06-01T21:03:10.195Z - error: ### ### ### Missing mandatory fields!
2016-06-01T21:04:47.890Z - info: ### New JOOGL interface request
2016-06-01T21:04:47.891Z - info: ### #### {"user_agent":"aquornstudio","toggl_token":"123","toggl_workspace_id":"123","jira_username":"egupta","jira_password":"madman3354","jira_due_date_start":"2016-05-24","jira_due_date_end":"2016-05-31"}
2016-06-01T21:04:47.891Z - info: ### ### ### Validating request!
2016-06-01T21:04:47.891Z - info: ### ### ### Fetching information from Toggl.
2016-06-01T21:04:48.112Z - info: ### ### ### ### Toggl data fetch page 2
2016-06-01T21:04:48.357Z - info: ### ### ### ### Toggl data fetch page 3
2016-06-01T21:04:48.525Z - info: ### ### ### ### Toggl data fetch complete.
2016-06-01T21:04:48.525Z - info: ### ### ### ### ### Fetching information from JIRA.
2016-06-01T21:04:48.525Z - info: ### ### ### ### ### Querying JIRA on - /sr/jira.issueviews:searchrequest-xml/temp/SearchRequest.xml?jqlQuery='Initial+Due+Date'+>=+2016-05-24+AND+'Initial+Due+Date'+<=+2016-05-31&tempMax=1000&os_username=egupta&os_password=madman3354
2016-06-01T21:04:49.498Z - info: ### ### ### ### ### ### JIRA data fetch complete.
2016-06-01T21:04:49.569Z - info: ### ### ### ### ### ### ### JOGGLing data.
2016-06-01T21:04:49.570Z - info: ### ### ### ### ### ### ### ### Creating JIRA data key index.
2016-06-01T21:04:49.570Z - info: ### ### ### ### ### ### ### ### ### Mapping JIRA and Toggl data.
2016-06-01T21:04:49.574Z - info: ### ### ### ### ### ### ### ### ### ### JOGGLing Complete, sending data!
2016-06-01T21:04:49.574Z - info: ### ### ### ### ### ### ### ### ### ### ### ### ### ### ### ### ### ### ###
